# JRE version: OpenJDK Runtime Environment (11.0.10) (build 11.0.10+0-b96-7249189)
# Java VM: OpenJDK 64-Bit Server VM (11.0.10+0-b96-7249189, mixed mode, tiered, compressed oops, g1 gc, windows-amd64)
Heap:
 garbage-first heap   total 192512K, used 68583K [0x0000000080000000, 0x0000000100000000)
  region size 1024K, 55 young (56320K), 4 survivors (4096K)
 Metaspace       used 25997K, capacity 26589K, committed 26752K, reserved 1075200K
  class space    used 3375K, capacity 3588K, committed 3712K, reserved 1048576K
GC Heap History (10 events):
Event: 0.926 GC heap before
{Heap before GC invocations=0 (full 0):
 garbage-first heap   total 192512K, used 17408K [0x0000000080000000, 0x0000000100000000)
  region size 1024K, 14 young (14336K), 0 survivors (0K)
 Metaspace       used 6774K, capacity 6993K, committed 7168K, reserved 1056768K
  class space    used 585K, capacity 650K, committed 768K, reserved 1048576K
}
Event: 0.934 GC heap after
{Heap after GC invocations=1 (full 0):
 garbage-first heap   total 192512K, used 4491K [0x0000000080000000, 0x0000000100000000)
  region size 1024K, 2 young (2048K), 2 survivors (2048K)
 Metaspace       used 6774K, capacity 6993K, committed 7168K, reserved 1056768K
  class space    used 585K, capacity 650K, committed 768K, reserved 1048576K
}
Event: 1.422 GC heap before
{Heap before GC invocations=1 (full 0):
 garbage-first heap   total 192512K, used 19851K [0x0000000080000000, 0x0000000100000000)
  region size 1024K, 14 young (14336K), 2 survivors (2048K)
 Metaspace       used 9953K, capacity 10186K, committed 10368K, reserved 1058816K
  class space    used 1030K, capacity 1102K, committed 1152K, reserved 1048576K
}
Event: 1.426 GC heap after
{Heap after GC invocations=2 (full 0):
 garbage-first heap   total 192512K, used 9394K [0x0000000080000000, 0x0000000100000000)
  region size 1024K, 2 young (2048K), 2 survivors (2048K)
 Metaspace       used 9953K, capacity 10186K, committed 10368K, reserved 1058816K
  class space    used 1030K, capacity 1102K, committed 1152K, reserved 1048576K
}
Event: 2.059 GC heap before
{Heap before GC invocations=2 (full 0):
 garbage-first heap   total 192512K, used 45234K [0x0000000080000000, 0x0000000100000000)
  region size 1024K, 37 young (37888K), 2 survivors (2048K)
 Metaspace       used 10943K, capacity 11141K, committed 11264K, reserved 1058816K
  class space    used 1134K, capacity 1207K, committed 1280K, reserved 1048576K
}
Event: 2.064 GC heap after
{Heap after GC invocations=3 (full 0):
 garbage-first heap   total 192512K, used 13560K [0x0000000080000000, 0x0000000100000000)
  region size 1024K, 5 young (5120K), 5 survivors (5120K)
 Metaspace       used 10943K, capacity 11141K, committed 11264K, reserved 1058816K
  class space    used 1134K, capacity 1207K, committed 1280K, reserved 1048576K
}
Event: 5.167 GC heap before
{Heap before GC invocations=3 (full 0):
 garbage-first heap   total 192512K, used 61688K [0x0000000080000000, 0x0000000100000000)
  region size 1024K, 52 young (53248K), 5 survivors (5120K)
 Metaspace       used 19219K, capacity 19630K, committed 19968K, reserved 1067008K
  class space    used 2310K, capacity 2433K, committed 2560K, reserved 1048576K
}
Event: 5.177 GC heap after
{Heap after GC invocations=4 (full 0):
 garbage-first heap   total 192512K, used 16471K [0x0000000080000000, 0x0000000100000000)
  region size 1024K, 7 young (7168K), 7 survivors (7168K)
 Metaspace       used 19219K, capacity 19630K, committed 19968K, reserved 1067008K
  class space    used 2310K, capacity 2433K, committed 2560K, reserved 1048576K
}
Event: 5.843 GC heap before
{Heap before GC invocations=4 (full 0):
 garbage-first heap   total 192512K, used 30807K [0x0000000080000000, 0x0000000100000000)
  region size 1024K, 22 young (22528K), 7 survivors (7168K)
 Metaspace       used 20728K, capacity 21184K, committed 21296K, reserved 1069056K
  class space    used 2531K, capacity 2674K, committed 2688K, reserved 1048576K
}
Event: 5.850 GC heap after
{Heap after GC invocations=5 (full 0):
 garbage-first heap   total 192512K, used 17383K [0x0000000080000000, 0x0000000100000000)
  region size 1024K, 4 young (4096K), 4 survivors (4096K)
 Metaspace       used 20728K, capacity 21184K, committed 21296K, reserved 1069056K
  class space    used 2531K, capacity 2674K, committed 2688K, reserved 1048576K
}

