# JRE version: OpenJDK Runtime Environment (11.0.10) (build 11.0.10+0-b96-7249189)
# Java VM: OpenJDK 64-Bit Server VM (11.0.10+0-b96-7249189, mixed mode, tiered, compressed oops, g1 gc, windows-amd64)
Heap:
 garbage-first heap   total 192512K, used 38982K [0x0000000080000000, 0x0000000100000000)
  region size 1024K, 14 young (14336K), 4 survivors (4096K)
 Metaspace       used 26811K, capacity 27471K, committed 27568K, reserved 1073152K
  class space    used 3515K, capacity 3788K, committed 3840K, reserved 1048576K
GC Heap History (12 events):
Event: 1.429 GC heap before
{Heap before GC invocations=0 (full 0):
 garbage-first heap   total 192512K, used 17408K [0x0000000080000000, 0x0000000100000000)
  region size 1024K, 14 young (14336K), 0 survivors (0K)
 Metaspace       used 6786K, capacity 7001K, committed 7168K, reserved 1056768K
  class space    used 585K, capacity 650K, committed 768K, reserved 1048576K
}
Event: 1.434 GC heap after
{Heap after GC invocations=1 (full 0):
 garbage-first heap   total 192512K, used 4255K [0x0000000080000000, 0x0000000100000000)
  region size 1024K, 2 young (2048K), 2 survivors (2048K)
 Metaspace       used 6786K, capacity 7001K, committed 7168K, reserved 1056768K
  class space    used 585K, capacity 650K, committed 768K, reserved 1048576K
}
Event: 2.587 GC heap before
{Heap before GC invocations=1 (full 0):
 garbage-first heap   total 192512K, used 19615K [0x0000000080000000, 0x0000000100000000)
  region size 1024K, 14 young (14336K), 2 survivors (2048K)
 Metaspace       used 9960K, capacity 10194K, committed 10368K, reserved 1058816K
  class space    used 1031K, capacity 1102K, committed 1152K, reserved 1048576K
}
Event: 2.594 GC heap after
{Heap after GC invocations=2 (full 0):
 garbage-first heap   total 192512K, used 9372K [0x0000000080000000, 0x0000000100000000)
  region size 1024K, 2 young (2048K), 2 survivors (2048K)
 Metaspace       used 9960K, capacity 10194K, committed 10368K, reserved 1058816K
  class space    used 1031K, capacity 1102K, committed 1152K, reserved 1048576K
}
Event: 3.553 GC heap before
{Heap before GC invocations=2 (full 0):
 garbage-first heap   total 192512K, used 39068K [0x0000000080000000, 0x0000000100000000)
  region size 1024K, 30 young (30720K), 2 survivors (2048K)
 Metaspace       used 10930K, capacity 11149K, committed 11264K, reserved 1058816K
  class space    used 1133K, capacity 1207K, committed 1280K, reserved 1048576K
}
Event: 3.556 GC heap after
{Heap after GC invocations=3 (full 0):
 garbage-first heap   total 192512K, used 11472K [0x0000000080000000, 0x0000000100000000)
  region size 1024K, 3 young (3072K), 3 survivors (3072K)
 Metaspace       used 10930K, capacity 11149K, committed 11264K, reserved 1058816K
  class space    used 1133K, capacity 1207K, committed 1280K, reserved 1048576K
}
Event: 6.535 GC heap before
{Heap before GC invocations=3 (full 0):
 garbage-first heap   total 192512K, used 53456K [0x0000000080000000, 0x0000000100000000)
  region size 1024K, 44 young (45056K), 3 survivors (3072K)
 Metaspace       used 17790K, capacity 18179K, committed 18432K, reserved 1064960K
  class space    used 2076K, capacity 2202K, committed 2304K, reserved 1048576K
}
Event: 6.544 GC heap after
{Heap after GC invocations=4 (full 0):
 garbage-first heap   total 192512K, used 16237K [0x0000000080000000, 0x0000000100000000)
  region size 1024K, 6 young (6144K), 6 survivors (6144K)
 Metaspace       used 17790K, capacity 18179K, committed 18432K, reserved 1064960K
  class space    used 2076K, capacity 2202K, committed 2304K, reserved 1048576K
}
Event: 7.128 GC heap before
{Heap before GC invocations=4 (full 0):
 garbage-first heap   total 192512K, used 42861K [0x0000000080000000, 0x0000000100000000)
  region size 1024K, 33 young (33792K), 6 survivors (6144K)
 Metaspace       used 20739K, capacity 21128K, committed 21296K, reserved 1069056K
  class space    used 2530K, capacity 2674K, committed 2688K, reserved 1048576K
}
Event: 7.142 GC heap after
{Heap after GC invocations=5 (full 0):
 garbage-first heap   total 192512K, used 17086K [0x0000000080000000, 0x0000000100000000)
  region size 1024K, 5 young (5120K), 5 survivors (5120K)
 Metaspace       used 20739K, capacity 21128K, committed 21296K, reserved 1069056K
  class space    used 2530K, capacity 2674K, committed 2688K, reserved 1048576K
}
Event: 8.347 GC heap before
{Heap before GC invocations=6 (full 0):
 garbage-first heap   total 192512K, used 68286K [0x0000000080000000, 0x0000000100000000)
  region size 1024K, 55 young (56320K), 5 survivors (5120K)
 Metaspace       used 25963K, capacity 26583K, committed 26800K, reserved 1073152K
  class space    used 3370K, capacity 3583K, committed 3584K, reserved 1048576K
}
Event: 8.357 GC heap after
{Heap after GC invocations=7 (full 0):
 garbage-first heap   total 192512K, used 19526K [0x0000000080000000, 0x0000000100000000)
  region size 1024K, 4 young (4096K), 4 survivors (4096K)
 Metaspace       used 25963K, capacity 26583K, committed 26800K, reserved 1073152K
  class space    used 3370K, capacity 3583K, committed 3584K, reserved 1048576K
}

