# JRE version: OpenJDK Runtime Environment (11.0.10) (build 11.0.10+0-b96-7249189)
# Java VM: OpenJDK 64-Bit Server VM (11.0.10+0-b96-7249189, mixed mode, tiered, compressed oops, g1 gc, windows-amd64)
Heap:
 garbage-first heap   total 192512K, used 90196K [0x0000000080000000, 0x0000000100000000)
  region size 1024K, 54 young (55296K), 6 survivors (6144K)
 Metaspace       used 47362K, capacity 48601K, committed 48816K, reserved 1091584K
  class space    used 6113K, capacity 6570K, committed 6656K, reserved 1048576K
GC Heap History (16 events):
Event: 2.686 GC heap before
{Heap before GC invocations=0 (full 0):
 garbage-first heap   total 192512K, used 17408K [0x0000000080000000, 0x0000000100000000)
  region size 1024K, 14 young (14336K), 0 survivors (0K)
 Metaspace       used 6786K, capacity 7001K, committed 7168K, reserved 1056768K
  class space    used 585K, capacity 650K, committed 768K, reserved 1048576K
}
Event: 2.726 GC heap after
{Heap after GC invocations=1 (full 0):
 garbage-first heap   total 192512K, used 4236K [0x0000000080000000, 0x0000000100000000)
  region size 1024K, 2 young (2048K), 2 survivors (2048K)
 Metaspace       used 6786K, capacity 7001K, committed 7168K, reserved 1056768K
  class space    used 585K, capacity 650K, committed 768K, reserved 1048576K
}
Event: 3.591 GC heap before
{Heap before GC invocations=1 (full 0):
 garbage-first heap   total 192512K, used 19596K [0x0000000080000000, 0x0000000100000000)
  region size 1024K, 14 young (14336K), 2 survivors (2048K)
 Metaspace       used 9985K, capacity 10194K, committed 10368K, reserved 1058816K
  class space    used 1038K, capacity 1102K, committed 1152K, reserved 1048576K
}
Event: 3.596 GC heap after
{Heap after GC invocations=2 (full 0):
 garbage-first heap   total 192512K, used 9261K [0x0000000080000000, 0x0000000100000000)
  region size 1024K, 2 young (2048K), 2 survivors (2048K)
 Metaspace       used 9985K, capacity 10194K, committed 10368K, reserved 1058816K
  class space    used 1038K, capacity 1102K, committed 1152K, reserved 1048576K
}
Event: 4.517 GC heap before
{Heap before GC invocations=2 (full 0):
 garbage-first heap   total 192512K, used 38957K [0x0000000080000000, 0x0000000100000000)
  region size 1024K, 31 young (31744K), 2 survivors (2048K)
 Metaspace       used 10937K, capacity 11149K, committed 11264K, reserved 1058816K
  class space    used 1133K, capacity 1207K, committed 1280K, reserved 1048576K
}
Event: 4.522 GC heap after
{Heap after GC invocations=3 (full 0):
 garbage-first heap   total 192512K, used 11974K [0x0000000080000000, 0x0000000100000000)
  region size 1024K, 4 young (4096K), 4 survivors (4096K)
 Metaspace       used 10937K, capacity 11149K, committed 11264K, reserved 1058816K
  class space    used 1133K, capacity 1207K, committed 1280K, reserved 1048576K
}
Event: 7.506 GC heap before
{Heap before GC invocations=3 (full 0):
 garbage-first heap   total 192512K, used 56006K [0x0000000080000000, 0x0000000100000000)
  region size 1024K, 47 young (48128K), 4 survivors (4096K)
 Metaspace       used 17977K, capacity 18371K, committed 18432K, reserved 1064960K
  class space    used 2116K, capacity 2266K, committed 2304K, reserved 1048576K
}
Event: 7.516 GC heap after
{Heap after GC invocations=4 (full 0):
 garbage-first heap   total 192512K, used 15901K [0x0000000080000000, 0x0000000100000000)
  region size 1024K, 6 young (6144K), 6 survivors (6144K)
 Metaspace       used 17977K, capacity 18371K, committed 18432K, reserved 1064960K
  class space    used 2116K, capacity 2266K, committed 2304K, reserved 1048576K
}
Event: 8.405 GC heap before
{Heap before GC invocations=4 (full 0):
 garbage-first heap   total 192512K, used 39453K [0x0000000080000000, 0x0000000100000000)
  region size 1024K, 30 young (30720K), 6 survivors (6144K)
 Metaspace       used 20747K, capacity 21128K, committed 21296K, reserved 1069056K
  class space    used 2531K, capacity 2674K, committed 2688K, reserved 1048576K
}
Event: 8.413 GC heap after
{Heap after GC invocations=5 (full 0):
 garbage-first heap   total 192512K, used 16931K [0x0000000080000000, 0x0000000100000000)
  region size 1024K, 6 young (6144K), 6 survivors (6144K)
 Metaspace       used 20747K, capacity 21128K, committed 21296K, reserved 1069056K
  class space    used 2531K, capacity 2674K, committed 2688K, reserved 1048576K
}
Event: 12.509 GC heap before
{Heap before GC invocations=6 (full 0):
 garbage-first heap   total 192512K, used 71203K [0x0000000080000000, 0x0000000100000000)
  region size 1024K, 59 young (60416K), 6 survivors (6144K)
 Metaspace       used 26725K, capacity 27425K, committed 27568K, reserved 1073152K
  class space    used 3494K, capacity 3738K, committed 3840K, reserved 1048576K
}
Event: 12.523 GC heap after
{Heap after GC invocations=7 (full 0):
 garbage-first heap   total 192512K, used 18994K [0x0000000080000000, 0x0000000100000000)
  region size 1024K, 3 young (3072K), 3 survivors (3072K)
 Metaspace       used 26725K, capacity 27425K, committed 27568K, reserved 1073152K
  class space    used 3494K, capacity 3738K, committed 3840K, reserved 1048576K
}
Event: 16.189 GC heap before
{Heap before GC invocations=7 (full 0):
 garbage-first heap   total 192512K, used 93746K [0x0000000080000000, 0x0000000100000000)
  region size 1024K, 67 young (68608K), 3 survivors (3072K)
 Metaspace       used 34600K, capacity 35498K, committed 35632K, reserved 1079296K
  class space    used 4546K, capacity 4914K, committed 4992K, reserved 1048576K
}
Event: 16.206 GC heap after
{Heap after GC invocations=8 (full 0):
 garbage-first heap   total 192512K, used 35003K [0x0000000080000000, 0x0000000100000000)
  region size 1024K, 9 young (9216K), 9 survivors (9216K)
 Metaspace       used 34600K, capacity 35498K, committed 35632K, reserved 1079296K
  class space    used 4546K, capacity 4914K, committed 4992K, reserved 1048576K
}
Event: 17.563 GC heap before
{Heap before GC invocations=9 (full 0):
 garbage-first heap   total 192512K, used 110779K [0x0000000080000000, 0x0000000100000000)
  region size 1024K, 83 young (84992K), 9 survivors (9216K)
 Metaspace       used 41621K, capacity 42703K, committed 43056K, reserved 1087488K
  class space    used 5483K, capacity 5889K, committed 6016K, reserved 1048576K
}
Event: 17.581 GC heap after
{Heap after GC invocations=10 (full 0):
 garbage-first heap   total 192512K, used 40020K [0x0000000080000000, 0x0000000100000000)
  region size 1024K, 6 young (6144K), 6 survivors (6144K)
 Metaspace       used 41621K, capacity 42703K, committed 43056K, reserved 1087488K
  class space    used 5483K, capacity 5889K, committed 6016K, reserved 1048576K
}

