# JRE version: OpenJDK Runtime Environment (11.0.10) (build 11.0.10+0-b96-7249189)
# Java VM: OpenJDK 64-Bit Server VM (11.0.10+0-b96-7249189, mixed mode, tiered, compressed oops, g1 gc, windows-amd64)
Heap:
 garbage-first heap   total 192512K, used 102437K [0x0000000080000000, 0x0000000100000000)
  region size 1024K, 76 young (77824K), 4 survivors (4096K)
 Metaspace       used 34460K, capacity 35331K, committed 35456K, reserved 1079296K
  class space    used 4554K, capacity 4882K, committed 4992K, reserved 1048576K
GC Heap History (12 events):
Event: 0.702 GC heap before
{Heap before GC invocations=0 (full 0):
 garbage-first heap   total 192512K, used 17408K [0x0000000080000000, 0x0000000100000000)
  region size 1024K, 14 young (14336K), 0 survivors (0K)
 Metaspace       used 6778K, capacity 6993K, committed 7168K, reserved 1056768K
  class space    used 585K, capacity 650K, committed 768K, reserved 1048576K
}
Event: 0.739 GC heap after
{Heap after GC invocations=1 (full 0):
 garbage-first heap   total 192512K, used 4233K [0x0000000080000000, 0x0000000100000000)
  region size 1024K, 2 young (2048K), 2 survivors (2048K)
 Metaspace       used 6778K, capacity 6993K, committed 7168K, reserved 1056768K
  class space    used 585K, capacity 650K, committed 768K, reserved 1048576K
}
Event: 1.569 GC heap before
{Heap before GC invocations=1 (full 0):
 garbage-first heap   total 192512K, used 18569K [0x0000000080000000, 0x0000000100000000)
  region size 1024K, 13 young (13312K), 2 survivors (2048K)
 Metaspace       used 9947K, capacity 10186K, committed 10368K, reserved 1058816K
  class space    used 1029K, capacity 1102K, committed 1152K, reserved 1048576K
}
Event: 1.572 GC heap after
{Heap after GC invocations=2 (full 0):
 garbage-first heap   total 192512K, used 9340K [0x0000000080000000, 0x0000000100000000)
  region size 1024K, 2 young (2048K), 2 survivors (2048K)
 Metaspace       used 9947K, capacity 10186K, committed 10368K, reserved 1058816K
  class space    used 1029K, capacity 1102K, committed 1152K, reserved 1048576K
}
Event: 2.180 GC heap before
{Heap before GC invocations=2 (full 0):
 garbage-first heap   total 192512K, used 38012K [0x0000000080000000, 0x0000000100000000)
  region size 1024K, 30 young (30720K), 2 survivors (2048K)
 Metaspace       used 10915K, capacity 11141K, committed 11264K, reserved 1058816K
  class space    used 1133K, capacity 1207K, committed 1280K, reserved 1048576K
}
Event: 2.183 GC heap after
{Heap after GC invocations=3 (full 0):
 garbage-first heap   total 192512K, used 11594K [0x0000000080000000, 0x0000000100000000)
  region size 1024K, 4 young (4096K), 4 survivors (4096K)
 Metaspace       used 10915K, capacity 11141K, committed 11264K, reserved 1058816K
  class space    used 1133K, capacity 1207K, committed 1280K, reserved 1048576K
}
Event: 3.899 GC heap before
{Heap before GC invocations=3 (full 0):
 garbage-first heap   total 192512K, used 54602K [0x0000000080000000, 0x0000000100000000)
  region size 1024K, 46 young (47104K), 4 survivors (4096K)
 Metaspace       used 17724K, capacity 18107K, committed 18432K, reserved 1064960K
  class space    used 2078K, capacity 2202K, committed 2304K, reserved 1048576K
}
Event: 3.908 GC heap after
{Heap after GC invocations=4 (full 0):
 garbage-first heap   total 192512K, used 15841K [0x0000000080000000, 0x0000000100000000)
  region size 1024K, 6 young (6144K), 6 survivors (6144K)
 Metaspace       used 17724K, capacity 18107K, committed 18432K, reserved 1064960K
  class space    used 2078K, capacity 2202K, committed 2304K, reserved 1048576K
}
Event: 4.310 GC heap before
{Heap before GC invocations=4 (full 0):
 garbage-first heap   total 192512K, used 42465K [0x0000000080000000, 0x0000000100000000)
  region size 1024K, 33 young (33792K), 6 survivors (6144K)
 Metaspace       used 20679K, capacity 21088K, committed 21248K, reserved 1067008K
  class space    used 2534K, capacity 2706K, committed 2816K, reserved 1048576K
}
Event: 4.319 GC heap after
{Heap after GC invocations=5 (full 0):
 garbage-first heap   total 192512K, used 17103K [0x0000000080000000, 0x0000000100000000)
  region size 1024K, 8 young (8192K), 8 survivors (8192K)
 Metaspace       used 20679K, capacity 21088K, committed 21248K, reserved 1067008K
  class space    used 2534K, capacity 2706K, committed 2816K, reserved 1048576K
}
Event: 5.417 GC heap before
{Heap before GC invocations=6 (full 0):
 garbage-first heap   total 192512K, used 67279K [0x0000000080000000, 0x0000000100000000)
  region size 1024K, 57 young (58368K), 8 survivors (8192K)
 Metaspace       used 25904K, capacity 26511K, committed 26624K, reserved 1073152K
  class space    used 3370K, capacity 3583K, committed 3584K, reserved 1048576K
}
Event: 5.430 GC heap after
{Heap after GC invocations=7 (full 0):
 garbage-first heap   total 192512K, used 19493K [0x0000000080000000, 0x0000000100000000)
  region size 1024K, 4 young (4096K), 4 survivors (4096K)
 Metaspace       used 25904K, capacity 26511K, committed 26624K, reserved 1073152K
  class space    used 3370K, capacity 3583K, committed 3584K, reserved 1048576K
}

