# JRE version: OpenJDK Runtime Environment (11.0.10) (build 11.0.10+0-b96-7249189)
# Java VM: OpenJDK 64-Bit Server VM (11.0.10+0-b96-7249189, mixed mode, tiered, compressed oops, g1 gc, windows-amd64)
Heap:
 garbage-first heap   total 497664K, used 176172K [0x0000000080000000, 0x0000000100000000)
  region size 1024K, 15 young (15360K), 15 survivors (15360K)
 Metaspace       used 97719K, capacity 100321K, committed 100444K, reserved 1136640K
  class space    used 12542K, capacity 13504K, committed 13568K, reserved 1048576K
GC Heap History (20 events):
Event: 35.528 GC heap after
{Heap after GC invocations=38 (full 0):
 garbage-first heap   total 360448K, used 138097K [0x0000000080000000, 0x0000000100000000)
  region size 1024K, 5 young (5120K), 5 survivors (5120K)
 Metaspace       used 97284K, capacity 99859K, committed 100188K, reserved 1136640K
  class space    used 12512K, capacity 13472K, committed 13568K, reserved 1048576K
}
Event: 36.464 GC heap before
{Heap before GC invocations=38 (full 0):
 garbage-first heap   total 360448K, used 293745K [0x0000000080000000, 0x0000000100000000)
  region size 1024K, 157 young (160768K), 5 survivors (5120K)
 Metaspace       used 97304K, capacity 99927K, committed 100188K, reserved 1136640K
  class space    used 12512K, capacity 13473K, committed 13568K, reserved 1048576K
}
Event: 36.476 GC heap after
{Heap after GC invocations=39 (full 0):
 garbage-first heap   total 360448K, used 139344K [0x0000000080000000, 0x0000000100000000)
  region size 1024K, 6 young (6144K), 6 survivors (6144K)
 Metaspace       used 97304K, capacity 99927K, committed 100188K, reserved 1136640K
  class space    used 12512K, capacity 13473K, committed 13568K, reserved 1048576K
}
Event: 37.199 GC heap before
{Heap before GC invocations=39 (full 0):
 garbage-first heap   total 360448K, used 301136K [0x0000000080000000, 0x0000000100000000)
  region size 1024K, 164 young (167936K), 6 survivors (6144K)
 Metaspace       used 97352K, capacity 99940K, committed 100188K, reserved 1136640K
  class space    used 12518K, capacity 13477K, committed 13568K, reserved 1048576K
}
Event: 37.214 GC heap after
{Heap after GC invocations=40 (full 0):
 garbage-first heap   total 360448K, used 141929K [0x0000000080000000, 0x0000000100000000)
  region size 1024K, 9 young (9216K), 9 survivors (9216K)
 Metaspace       used 97352K, capacity 99940K, committed 100188K, reserved 1136640K
  class space    used 12518K, capacity 13477K, committed 13568K, reserved 1048576K
}
Event: 37.722 GC heap before
{Heap before GC invocations=40 (full 0):
 garbage-first heap   total 360448K, used 303721K [0x0000000080000000, 0x0000000100000000)
  region size 1024K, 167 young (171008K), 9 survivors (9216K)
 Metaspace       used 97365K, capacity 99940K, committed 100188K, reserved 1136640K
  class space    used 12518K, capacity 13477K, committed 13568K, reserved 1048576K
}
Event: 37.740 GC heap after
{Heap after GC invocations=41 (full 0):
 garbage-first heap   total 360448K, used 144449K [0x0000000080000000, 0x0000000100000000)
  region size 1024K, 11 young (11264K), 11 survivors (11264K)
 Metaspace       used 97365K, capacity 99940K, committed 100188K, reserved 1136640K
  class space    used 12518K, capacity 13477K, committed 13568K, reserved 1048576K
}
Event: 38.459 GC heap before
{Heap before GC invocations=41 (full 0):
 garbage-first heap   total 360448K, used 307265K [0x0000000080000000, 0x0000000100000000)
  region size 1024K, 169 young (173056K), 11 survivors (11264K)
 Metaspace       used 97626K, capacity 100247K, committed 100444K, reserved 1136640K
  class space    used 12542K, capacity 13503K, committed 13568K, reserved 1048576K
}
Event: 38.486 GC heap after
{Heap after GC invocations=42 (full 0):
 garbage-first heap   total 360448K, used 149318K [0x0000000080000000, 0x0000000100000000)
  region size 1024K, 15 young (15360K), 15 survivors (15360K)
 Metaspace       used 97626K, capacity 100247K, committed 100444K, reserved 1136640K
  class space    used 12542K, capacity 13503K, committed 13568K, reserved 1048576K
}
Event: 39.611 GC heap before
{Heap before GC invocations=42 (full 0):
 garbage-first heap   total 360448K, used 307014K [0x0000000080000000, 0x0000000100000000)
  region size 1024K, 169 young (173056K), 15 survivors (15360K)
 Metaspace       used 97631K, capacity 100247K, committed 100444K, reserved 1136640K
  class space    used 12542K, capacity 13503K, committed 13568K, reserved 1048576K
}
Event: 39.637 GC heap after
{Heap after GC invocations=43 (full 0):
 garbage-first heap   total 360448K, used 148986K [0x0000000080000000, 0x0000000100000000)
  region size 1024K, 12 young (12288K), 12 survivors (12288K)
 Metaspace       used 97631K, capacity 100247K, committed 100444K, reserved 1136640K
  class space    used 12542K, capacity 13503K, committed 13568K, reserved 1048576K
}
Event: 40.610 GC heap before
{Heap before GC invocations=43 (full 0):
 garbage-first heap   total 360448K, used 311802K [0x0000000080000000, 0x0000000100000000)
  region size 1024K, 170 young (174080K), 12 survivors (12288K)
 Metaspace       used 97668K, capacity 100313K, committed 100444K, reserved 1136640K
  class space    used 12542K, capacity 13503K, committed 13568K, reserved 1048576K
}
Event: 40.637 GC heap after
{Heap after GC invocations=44 (full 0):
 garbage-first heap   total 430080K, used 151034K [0x0000000080000000, 0x0000000100000000)
  region size 1024K, 14 young (14336K), 14 survivors (14336K)
 Metaspace       used 97668K, capacity 100313K, committed 100444K, reserved 1136640K
  class space    used 12542K, capacity 13503K, committed 13568K, reserved 1048576K
}
Event: 41.631 GC heap before
{Heap before GC invocations=44 (full 0):
 garbage-first heap   total 430080K, used 356858K [0x0000000080000000, 0x0000000100000000)
  region size 1024K, 214 young (219136K), 14 survivors (14336K)
 Metaspace       used 97687K, capacity 100314K, committed 100444K, reserved 1136640K
  class space    used 12542K, capacity 13503K, committed 13568K, reserved 1048576K
}
Event: 41.662 GC heap after
{Heap after GC invocations=45 (full 0):
 garbage-first heap   total 430080K, used 157178K [0x0000000080000000, 0x0000000100000000)
  region size 1024K, 20 young (20480K), 20 survivors (20480K)
 Metaspace       used 97687K, capacity 100314K, committed 100444K, reserved 1136640K
  class space    used 12542K, capacity 13503K, committed 13568K, reserved 1048576K
}
Event: 42.440 GC heap before
{Heap before GC invocations=45 (full 0):
 garbage-first heap   total 430080K, used 366074K [0x0000000080000000, 0x0000000100000000)
  region size 1024K, 224 young (229376K), 20 survivors (20480K)
 Metaspace       used 97703K, capacity 100317K, committed 100444K, reserved 1136640K
  class space    used 12542K, capacity 13503K, committed 13568K, reserved 1048576K
}
Event: 42.484 GC heap after
{Heap after GC invocations=46 (full 0):
 garbage-first heap   total 430080K, used 168390K [0x0000000080000000, 0x0000000100000000)
  region size 1024K, 26 young (26624K), 26 survivors (26624K)
 Metaspace       used 97703K, capacity 100317K, committed 100444K, reserved 1136640K
  class space    used 12542K, capacity 13503K, committed 13568K, reserved 1048576K
}
Event: 43.920 GC heap before
{Heap before GC invocations=46 (full 0):
 garbage-first heap   total 430080K, used 358854K [0x0000000080000000, 0x0000000100000000)
  region size 1024K, 212 young (217088K), 26 survivors (26624K)
 Metaspace       used 97715K, capacity 100321K, committed 100444K, reserved 1136640K
  class space    used 12542K, capacity 13504K, committed 13568K, reserved 1048576K
}
Event: 43.966 GC heap after
{Heap after GC invocations=47 (full 0):
 garbage-first heap   total 430080K, used 172076K [0x0000000080000000, 0x0000000100000000)
  region size 1024K, 11 young (11264K), 11 survivors (11264K)
 Metaspace       used 97715K, capacity 100321K, committed 100444K, reserved 1136640K
  class space    used 12542K, capacity 13504K, committed 13568K, reserved 1048576K
}
Event: 44.881 GC heap before
{Heap before GC invocations=47 (full 0):
 garbage-first heap   total 430080K, used 357420K [0x0000000080000000, 0x0000000100000000)
  region size 1024K, 192 young (196608K), 11 survivors (11264K)
 Metaspace       used 97719K, capacity 100321K, committed 100444K, reserved 1136640K
  class space    used 12542K, capacity 13504K, committed 13568K, reserved 1048576K
}

