# JRE version: OpenJDK Runtime Environment (11.0.10) (build 11.0.10+0-b96-7249189)
# Java VM: OpenJDK 64-Bit Server VM (11.0.10+0-b96-7249189, mixed mode, tiered, compressed oops, g1 gc, windows-amd64)
Heap:
 garbage-first heap   total 471040K, used 240797K [0x0000000080000000, 0x0000000100000000)
  region size 1024K, 8 young (8192K), 8 survivors (8192K)
 Metaspace       used 142181K, capacity 146314K, committed 146508K, reserved 1177600K
  class space    used 17098K, capacity 18603K, committed 18688K, reserved 1048576K
GC Heap History (20 events):
Event: 584.254 GC heap after
{Heap after GC invocations=153 (full 0):
 garbage-first heap   total 334848K, used 223624K [0x0000000080000000, 0x0000000100000000)
  region size 1024K, 4 young (4096K), 4 survivors (4096K)
 Metaspace       used 141904K, capacity 146039K, committed 146252K, reserved 1177600K
  class space    used 17076K, capacity 18561K, committed 18688K, reserved 1048576K
}
Event: 584.518 GC heap before
{Heap before GC invocations=153 (full 0):
 garbage-first heap   total 334848K, used 283016K [0x0000000080000000, 0x0000000100000000)
  region size 1024K, 62 young (63488K), 4 survivors (4096K)
 Metaspace       used 141937K, capacity 146051K, committed 146252K, reserved 1177600K
  class space    used 17084K, capacity 18565K, committed 18688K, reserved 1048576K
}
Event: 584.526 GC heap after
{Heap after GC invocations=154 (full 0):
 garbage-first heap   total 334848K, used 223326K [0x0000000080000000, 0x0000000100000000)
  region size 1024K, 4 young (4096K), 4 survivors (4096K)
 Metaspace       used 141937K, capacity 146051K, committed 146252K, reserved 1177600K
  class space    used 17084K, capacity 18565K, committed 18688K, reserved 1048576K
}
Event: 584.785 GC heap before
{Heap before GC invocations=154 (full 0):
 garbage-first heap   total 334848K, used 284766K [0x0000000080000000, 0x0000000100000000)
  region size 1024K, 64 young (65536K), 4 survivors (4096K)
 Metaspace       used 141960K, capacity 146056K, committed 146252K, reserved 1177600K
  class space    used 17084K, capacity 18566K, committed 18688K, reserved 1048576K
}
Event: 584.797 GC heap after
{Heap after GC invocations=155 (full 0):
 garbage-first heap   total 334848K, used 226293K [0x0000000080000000, 0x0000000100000000)
  region size 1024K, 7 young (7168K), 7 survivors (7168K)
 Metaspace       used 141960K, capacity 146056K, committed 146252K, reserved 1177600K
  class space    used 17084K, capacity 18566K, committed 18688K, reserved 1048576K
}
Event: 585.093 GC heap before
{Heap before GC invocations=155 (full 0):
 garbage-first heap   total 334848K, used 285685K [0x0000000080000000, 0x0000000100000000)
  region size 1024K, 66 young (67584K), 7 survivors (7168K)
 Metaspace       used 141989K, capacity 146128K, committed 146252K, reserved 1177600K
  class space    used 17085K, capacity 18567K, committed 18688K, reserved 1048576K
}
Event: 585.111 GC heap after
{Heap after GC invocations=156 (full 0):
 garbage-first heap   total 402432K, used 227527K [0x0000000080000000, 0x0000000100000000)
  region size 1024K, 6 young (6144K), 6 survivors (6144K)
 Metaspace       used 141989K, capacity 146128K, committed 146252K, reserved 1177600K
  class space    used 17085K, capacity 18567K, committed 18688K, reserved 1048576K
}
Event: 585.585 GC heap before
{Heap before GC invocations=156 (full 0):
 garbage-first heap   total 402432K, used 322759K [0x0000000080000000, 0x0000000100000000)
  region size 1024K, 99 young (101376K), 6 survivors (6144K)
 Metaspace       used 142047K, capacity 146142K, committed 146508K, reserved 1177600K
  class space    used 17086K, capacity 18568K, committed 18688K, reserved 1048576K
}
Event: 585.595 GC heap after
{Heap after GC invocations=157 (full 0):
 garbage-first heap   total 402432K, used 226738K [0x0000000080000000, 0x0000000100000000)
  region size 1024K, 5 young (5120K), 5 survivors (5120K)
 Metaspace       used 142047K, capacity 146142K, committed 146508K, reserved 1177600K
  class space    used 17086K, capacity 18568K, committed 18688K, reserved 1048576K
}
Event: 586.026 GC heap before
{Heap before GC invocations=157 (full 0):
 garbage-first heap   total 402432K, used 326066K [0x0000000080000000, 0x0000000100000000)
  region size 1024K, 103 young (105472K), 5 survivors (5120K)
 Metaspace       used 142080K, capacity 146213K, committed 146508K, reserved 1177600K
  class space    used 17087K, capacity 18570K, committed 18688K, reserved 1048576K
}
Event: 586.046 GC heap after
{Heap after GC invocations=158 (full 0):
 garbage-first heap   total 402432K, used 233838K [0x0000000080000000, 0x0000000100000000)
  region size 1024K, 12 young (12288K), 12 survivors (12288K)
 Metaspace       used 142080K, capacity 146213K, committed 146508K, reserved 1177600K
  class space    used 17087K, capacity 18570K, committed 18688K, reserved 1048576K
}
Event: 586.537 GC heap before
{Heap before GC invocations=158 (full 0):
 garbage-first heap   total 402432K, used 331118K [0x0000000080000000, 0x0000000100000000)
  region size 1024K, 107 young (109568K), 12 survivors (12288K)
 Metaspace       used 142112K, capacity 146248K, committed 146508K, reserved 1177600K
  class space    used 17093K, capacity 18603K, committed 18688K, reserved 1048576K
}
Event: 586.556 GC heap after
{Heap after GC invocations=159 (full 0):
 garbage-first heap   total 402432K, used 235586K [0x0000000080000000, 0x0000000100000000)
  region size 1024K, 3 young (3072K), 3 survivors (3072K)
 Metaspace       used 142112K, capacity 146248K, committed 146508K, reserved 1177600K
  class space    used 17093K, capacity 18603K, committed 18688K, reserved 1048576K
}
Event: 587.011 GC heap before
{Heap before GC invocations=159 (full 0):
 garbage-first heap   total 402432K, used 334914K [0x0000000080000000, 0x0000000100000000)
  region size 1024K, 100 young (102400K), 3 survivors (3072K)
 Metaspace       used 142143K, capacity 146250K, committed 146508K, reserved 1177600K
  class space    used 17098K, capacity 18603K, committed 18688K, reserved 1048576K
}
Event: 587.019 GC heap after
{Heap after GC invocations=160 (full 0):
 garbage-first heap   total 402432K, used 236394K [0x0000000080000000, 0x0000000100000000)
  region size 1024K, 4 young (4096K), 4 survivors (4096K)
 Metaspace       used 142143K, capacity 146250K, committed 146508K, reserved 1177600K
  class space    used 17098K, capacity 18603K, committed 18688K, reserved 1048576K
}
Event: 587.482 GC heap before
{Heap before GC invocations=160 (full 0):
 garbage-first heap   total 402432K, used 338794K [0x0000000080000000, 0x0000000100000000)
  region size 1024K, 104 young (106496K), 4 survivors (4096K)
 Metaspace       used 142154K, capacity 146314K, committed 146508K, reserved 1177600K
  class space    used 17098K, capacity 18603K, committed 18688K, reserved 1048576K
}
Event: 587.492 GC heap after
{Heap after GC invocations=161 (full 0):
 garbage-first heap   total 402432K, used 237516K [0x0000000080000000, 0x0000000100000000)
  region size 1024K, 5 young (5120K), 5 survivors (5120K)
 Metaspace       used 142154K, capacity 146314K, committed 146508K, reserved 1177600K
  class space    used 17098K, capacity 18603K, committed 18688K, reserved 1048576K
}
Event: 587.979 GC heap before
{Heap before GC invocations=161 (full 0):
 garbage-first heap   total 402432K, used 341964K [0x0000000080000000, 0x0000000100000000)
  region size 1024K, 107 young (109568K), 5 survivors (5120K)
 Metaspace       used 142173K, capacity 146314K, committed 146508K, reserved 1177600K
  class space    used 17098K, capacity 18603K, committed 18688K, reserved 1048576K
}
Event: 587.992 GC heap after
{Heap after GC invocations=162 (full 0):
 garbage-first heap   total 402432K, used 239372K [0x0000000080000000, 0x0000000100000000)
  region size 1024K, 7 young (7168K), 7 survivors (7168K)
 Metaspace       used 142173K, capacity 146314K, committed 146508K, reserved 1177600K
  class space    used 17098K, capacity 18603K, committed 18688K, reserved 1048576K
}
Event: 588.468 GC heap before
{Heap before GC invocations=162 (full 0):
 garbage-first heap   total 402432K, used 343820K [0x0000000080000000, 0x0000000100000000)
  region size 1024K, 109 young (111616K), 7 survivors (7168K)
 Metaspace       used 142181K, capacity 146314K, committed 146508K, reserved 1177600K
  class space    used 17098K, capacity 18603K, committed 18688K, reserved 1048576K
}

